<?xml version="1.0" encoding="UTF-8"?>
<coverage generated="1653127437771" clover="3.2.0">
  <project timestamp="1653127437772" name="All files">
    <metrics statements="17" coveredstatements="16" conditionals="2" coveredconditionals="2" methods="8" coveredmethods="7" elements="27" coveredelements="25" complexity="0" loc="17" ncloc="17" packages="1" files="1" classes="1"/>
    <file name="lists.js" path="D:\Microverse Ahmad Zamir Yousufi\Projects\project to do\To-do-list\src\modules\lists.js">
      <metrics statements="17" coveredstatements="16" conditionals="2" coveredconditionals="2" methods="8" coveredmethods="7"/>
      <line num="3" count="1" type="cond" truecount="2" falsecount="0"/>
      <line num="6" count="1" type="stmt"/>
      <line num="7" count="9" type="stmt"/>
      <line num="8" count="9" type="stmt"/>
      <line num="9" count="9" type="stmt"/>
      <line num="16" count="1" type="stmt"/>
      <line num="17" count="9" type="stmt"/>
      <line num="18" count="1" type="stmt"/>
      <line num="19" count="2" type="stmt"/>
      <line num="23" count="1" type="stmt"/>
      <line num="24" count="2" type="stmt"/>
      <line num="27" count="1" type="stmt"/>
      <line num="28" count="0" type="stmt"/>
      <line num="31" count="1" type="stmt"/>
      <line num="32" count="8" type="stmt"/>
      <line num="33" count="1" type="stmt"/>
      <line num="34" count="5" type="stmt"/>
    </file>
  </project>
</coverage>
