{
  "D:\\Microverse Ahmad Zamir Yousufi\\Projects\\project to do\\To-do-list\\src\\modules\\lists.js": {
    "path":"D:\\Microverse Ahmad Zamir Yousufi\\Projects\\project to do\\To-do-list\\src\\modules\\lists.js","statementMap": {
      "0": {
        "start": { 3,"column":4; }
        ,"end": { 3,"column":35; }
      }
      ,"1": {
        "start": { 6,"column":8; }
        ,"end": { 14,"column":3; }
      }
      ,"2": {
        "start": { 7,"column":22; }
        ,"end": { 7,"column":27; }
      }
      ,"3": {
        "start": { 8,"column":18; }
        ,"end": { 8,"column":38; }
      }
      ,"4": {
        "start": { 9,"column":4; }
        ,"end": { 13,"column":7; }
      }
      ,"5": {
        "start": { 16,"column":11; }
        ,"end": { 21,"column":3; }
      }
      ,"6": {
        "start": { 17,"column":4; }
        ,"end": { 17,"column":75; }
      }
      ,"7": {
        "start": { 17,"column":52; }
        ,"end": { 17,"column":72; }
      }
      ,"8": {
        "start": { 18,"column":4; }
        ,"end": { 20,"column":5; }
      }
      ,"9": {
        "start": { 18,"column":17; }
        ,"end": { 18,"column":22; }
      }
      ,"10": {
        "start": { 19,"column":6; }
        ,"end": { 19,"column":34; }
      }
      ,"11": {
        "start": { 23,"column":9; }
        ,"end": { 25,"column":3; }
      }
      ,"12": {
        "start": { 24,"column":4; }
        ,"end": { 24,"column":51; }
      }
      ,"13": {
        "start": { 27,"column":26; }
        ,"end": { 29,"column":3; }
      }
      ,"14": {
        "start": { 28,"column":4; }
        ,"end": { 28,"column":69; }
      }
      ,"15": {
        "start": { 31,"column":24; }
        ,"end": { 36,"column":3; }
      }
      ,"16": {
        "start": { 32,"column":4; }
        ,"end": { 32,"column":79; }
      }
      ,"17": {
        "start": { 32,"column":52; }
        ,"end": { 32,"column":76; }
      }
      ,"18": {
        "start": { 33,"column":4; }
        ,"end": { 35,"column":5; }
      }
      ,"19": {
        "start": { 33,"column":17; }
        ,"end": { 33,"column":18; }
      }
      ,"20": {
        "start": { 34,"column":6; }
        ,"end": { 34,"column":33; }
      }
    }
    ,"fnMap": {
      "0": {
        "name":"(anonymous_0)","decl": {
          "start": { 2,"column":2; }
          ,"end": { 2,"column":3; }
        }
        ,"loc": {
          "start": { 2,"column":24; }
          ,"end": { 4,"column":3; }
        }
        ,"line":2;
      }
      ,"1": {
        "name":"(anonymous_1)","decl": {
          "start": { 6,"column":8; }
          ,"end": { 6,"column":9; }
        }
        ,"loc": {
          "start": { 6,"column":25; }
          ,"end": { 14,"column":3; }
        }
        ,"line":6;
      }
      ,"2": {
        "name":"(anonymous_2)","decl": {
          "start": { 16,"column":11; }
          ,"end": { 16,"column":12; }
        }
        ,"loc": {
          "start": { 16,"column":22; }
          ,"end": { 21,"column":3; }
        }
        ,"line":16;
      }
      ,"3": {
        "name":"(anonymous_3)","decl": {
          "start": { 17,"column":41; }
          ,"end": { 17,"column":42; }
        }
        ,"loc": {
          "start": { 17,"column":52; }
          ,"end": { 17,"column":72; }
        }
        ,"line":17;
      }
      ,"4": {
        "name":"(anonymous_4)","decl": {
          "start": { 23,"column":9; }
          ,"end": { 23,"column":10; }
        }
        ,"loc": {
          "start": { 23,"column":33; }
          ,"end": { 25,"column":3; }
        }
        ,"line":23;
      }
      ,"5": {
        "name":"(anonymous_5)","decl": {
          "start": { 27,"column":26; }
          ,"end": { 27,"column":27; }
        }
        ,"loc": {
          "start": { 27,"column":37; }
          ,"end": { 29,"column":3; }
        }
        ,"line":27;
      }
      ,"6": {
        "name":"(anonymous_6)","decl": {
          "start": { 31,"column":24; }
          ,"end": { 31,"column":25; }
        }
        ,"loc": {
          "start": { 31,"column":30; }
          ,"end": { 36,"column":3; }
        }
        ,"line":31;
      }
      ,"7": {
        "name":"(anonymous_7)","decl": {
          "start": { 32,"column":41; }
          ,"end": { 32,"column":42; }
        }
        ,"loc": {
          "start": { 32,"column":52; }
          ,"end": { 32,"column":76; }
        }
        ,"line":32;
      }
    }
    ,"branchMap": {
      "0": {
        "loc": {
          "start": { 3,"column":20; }
          ,"end": { 3,"column":34; }
        }
        ,"type":"binary-expr";
        ,"locations":[{"start":{"line":3,"column":20},"end":{"line":3,"column":28}},{"start":{"line":3,"column":32},"end":{"line":3,"column":34}}],"line";
        :3;
      }
    }
    ,"s": { 1,"1":1,"2":9,"3":9,"4":9,"5":1,"6":1,"7":9,"8":1,"9":1,"10":2,"11":1,"12":2,"13":1,"14":0,"15":1,"16":1,"17":8,"18":1,"19":1,"20":; }
    ,"f": { 1,"1":9,"2":1,"3":9,"4":2,"5":0,"6":1,"7":; }
    ,"b": { 1,1]; }
    ,"_coverageschema":"1a1c01bbd47fc00a2c39e90264f33305004495a9";
    ,"hash":"550f054868f36a98a11562d389554fa1431c7bc3";
  }
}
