{"D:\\Microverse Ahmad Zamir Yousufi\\Projects\\project to do\\To-do-list\\src\\modules\\lists.js": {"path":"D:\\Microverse Ahmad Zamir Yousufi\\Projects\\project to do\\To-do-list\\src\\modules\\lists.js","statementMap":{"0":{"start":{"line":3,"column":4},"end":{"line":3,"column":35}},"1":{"start":{"line":6,"column":8},"end":{"line":14,"column":3}},"2":{"start":{"line":7,"column":22},"end":{"line":7,"column":27}},"3":{"start":{"line":8,"column":18},"end":{"line":8,"column":38}},"4":{"start":{"line":9,"column":4},"end":{"line":13,"column":7}},"5":{"start":{"line":16,"column":11},"end":{"line":21,"column":3}},"6":{"start":{"line":17,"column":4},"end":{"line":17,"column":75}},"7":{"start":{"line":17,"column":52},"end":{"line":17,"column":72}},"8":{"start":{"line":18,"column":4},"end":{"line":20,"column":5}},"9":{"start":{"line":18,"column":17},"end":{"line":18,"column":22}},"10":{"start":{"line":19,"column":6},"end":{"line":19,"column":34}},"11":{"start":{"line":23,"column":9},"end":{"line":25,"column":3}},"12":{"start":{"line":24,"column":4},"end":{"line":24,"column":51}},"13":{"start":{"line":27,"column":26},"end":{"line":29,"column":3}},"14":{"start":{"line":28,"column":4},"end":{"line":28,"column":69}},"15":{"start":{"line":31,"column":24},"end":{"line":36,"column":3}},"16":{"start":{"line":32,"column":4},"end":{"line":32,"column":79}},"17":{"start":{"line":32,"column":52},"end":{"line":32,"column":76}},"18":{"start":{"line":33,"column":4},"end":{"line":35,"column":5}},"19":{"start":{"line":33,"column":17},"end":{"line":33,"column":18}},"20":{"start":{"line":34,"column":6},"end":{"line":34,"column":33}}},"fnMap":{"0":{"name":"(anonymous_0)","decl":{"start":{"line":2,"column":2},"end":{"line":2,"column":3}},"loc":{"start":{"line":2,"column":24},"end":{"line":4,"column":3}},"line":2},"1":{"name":"(anonymous_1)","decl":{"start":{"line":6,"column":8},"end":{"line":6,"column":9}},"loc":{"start":{"line":6,"column":25},"end":{"line":14,"column":3}},"line":6},"2":{"name":"(anonymous_2)","decl":{"start":{"line":16,"column":11},"end":{"line":16,"column":12}},"loc":{"start":{"line":16,"column":22},"end":{"line":21,"column":3}},"line":16},"3":{"name":"(anonymous_3)","decl":{"start":{"line":17,"column":41},"end":{"line":17,"column":42}},"loc":{"start":{"line":17,"column":52},"end":{"line":17,"column":72}},"line":17},"4":{"name":"(anonymous_4)","decl":{"start":{"line":23,"column":9},"end":{"line":23,"column":10}},"loc":{"start":{"line":23,"column":33},"end":{"line":25,"column":3}},"line":23},"5":{"name":"(anonymous_5)","decl":{"start":{"line":27,"column":26},"end":{"line":27,"column":27}},"loc":{"start":{"line":27,"column":37},"end":{"line":29,"column":3}},"line":27},"6":{"name":"(anonymous_6)","decl":{"start":{"line":31,"column":24},"end":{"line":31,"column":25}},"loc":{"start":{"line":31,"column":30},"end":{"line":36,"column":3}},"line":31},"7":{"name":"(anonymous_7)","decl":{"start":{"line":32,"column":41},"end":{"line":32,"column":42}},"loc":{"start":{"line":32,"column":52},"end":{"line":32,"column":76}},"line":32}},"branchMap":{"0":{"loc":{"start":{"line":3,"column":20},"end":{"line":3,"column":34}},"type":"binary-expr","locations":[{"start":{"line":3,"column":20},"end":{"line":3,"column":28}},{"start":{"line":3,"column":32},"end":{"line":3,"column":34}}],"line":3}},"s":{"0":1,"1":1,"2":9,"3":9,"4":9,"5":1,"6":1,"7":9,"8":1,"9":1,"10":2,"11":1,"12":2,"13":1,"14":0,"15":1,"16":1,"17":8,"18":1,"19":1,"20":5},"f":{"0":1,"1":9,"2":1,"3":9,"4":2,"5":0,"6":1,"7":8},"b":{"0":[1,1]},"_coverageSchema":"1a1c01bbd47fc00a2c39e90264f33305004495a9","hash":"550f054868f36a98a11562d389554fa1431c7bc3"}
}
