TN:
SF:src\modules\lists.js
FN:2,(anonymous_0)
FN:6,(anonymous_1)
FN:16,(anonymous_2)
FN:17,(anonymous_3)
FN:23,(anonymous_4)
FN:27,(anonymous_5)
FN:31,(anonymous_6)
FN:32,(anonymous_7)
FNF:8
FNH:7
FNDA:1,(anonymous_0)
FNDA:9,(anonymous_1)
FNDA:1,(anonymous_2)
FNDA:9,(anonymous_3)
FNDA:2,(anonymous_4)
FNDA:0,(anonymous_5)
FNDA:1,(anonymous_6)
FNDA:8,(anonymous_7)
DA:3,1
DA:6,1
DA:7,9
DA:8,9
DA:9,9
DA:16,1
DA:17,9
DA:18,1
DA:19,2
DA:23,1
DA:24,2
DA:27,1
DA:28,0
DA:31,1
DA:32,8
DA:33,1
DA:34,5
LF:17
LH:16
BRDA:3,0,0,1
BRDA:3,0,1,1
BRF:2
BRH:2
end_of_record
